<?xml version="1.0" encoding="UTF-8" ?>
<!--

       Copyright 2010-2017 the original author or authors.

       Licensed under the Apache License, Version 2.0 (the "License");
       you may not use this file except in compliance with the License.
       You may obtain a copy of the License at

          http://www.apache.org/licenses/LICENSE-2.0

       Unless required by applicable law or agreed to in writing, software
       distributed under the License is distributed on an "AS IS" BASIS,
       WITHOUT WARRANTIES OR CONDITIONS OF ANY KIND, either express or implied.
       See the License for the specific language governing permissions and
       limitations under the License.

-->
<testsuite errors="8" failures="0" hostname="IRIS-VMQATest" name="com.ibatis.jpetstore.service.CatalogServiceTest" skipped="0" tests="8" time="0.36" timestamp="2017-07-28T12:39:59">
  <properties>
    <property name="java.vendor" value="Oracle Corporation" />
    <property name="sun.java.launcher" value="SUN_STANDARD" />
    <property name="sun.management.compiler" value="HotSpot 64-Bit Tiered Compilers" />
    <property name="lib" value="lib" />
    <property name="os.name" value="Windows Server 2012 R2" />
    <property name="sun.boot.class.path" value="C:\Program Files\Java\jdk1.8.0_60\jre\lib\resources.jar;C:\Program Files\Java\jdk1.8.0_60\jre\lib\rt.jar;C:\Program Files\Java\jdk1.8.0_60\jre\lib\sunrsasign.jar;C:\Program Files\Java\jdk1.8.0_60\jre\lib\jsse.jar;C:\Program Files\Java\jdk1.8.0_60\jre\lib\jce.jar;C:\Program Files\Java\jdk1.8.0_60\jre\lib\charsets.jar;C:\Program Files\Java\jdk1.8.0_60\jre\lib\jfr.jar;C:\Program Files\Java\jdk1.8.0_60\jre\classes;C:\Program Files (x86)\HP\Unified Functional Testing\bin\java_shared\classes;C:\Program Files (x86)\HP\Unified Functional Testing\bin\java_shared\classes\jasmine.jar" />
    <property name="sun.desktop" value="windows" />
    <property name="java.vm.specification.vendor" value="Oracle Corporation" />
    <property name="ant.home" value="C:\ANT\apache-ant-1.10.1" />
    <property name="java.runtime.version" value="1.8.0_60-b27" />
    <property name="weblib" value="webapp/WEB-INF/lib/" />
    <property name="user.name" value="IRIS-VMQATEST$" />
    <property name="ant.file.JPetStore" value="C:\Jenkins\jobs\JPetStore\workspace\build.xml" />
    <property name="reports" value="reports" />
    <property name="instrumentedclasses" value="work/instrumentedclasses/" />
    <property name="user.language" value="en" />
    <property name="sun.boot.library.path" value="C:\Program Files\Java\jdk1.8.0_60\jre\bin" />
    <property name="webclasses" value="webapp/WEB-INF/classes/" />
    <property name="ant.project.default-target" value="all" />
    <property name="ant.project.name" value="JPetStore" />
    <property name="junitreports" value="reports/junit/" />
    <property name="java.version" value="1.8.0_60" />
    <property name="classes" value="work/classes/" />
    <property name="user.timezone" value="" />
    <property name="webapp" value="webapp" />
    <property name="sun.arch.data.model" value="64" />
    <property name="java.endorsed.dirs" value="C:\Program Files\Java\jdk1.8.0_60\jre\lib\endorsed" />
    <property name="sun.cpu.isalist" value="amd64" />
    <property name="sun.jnu.encoding" value="Cp1252" />
    <property name="file.encoding.pkg" value="sun.io" />
    <property name="file.separator" value="\" />
    <property name="java.specification.name" value="Java Platform API Specification" />
    <property name="web" value="web" />
    <property name="java.class.version" value="52.0" />
    <property name="src" value="src" />
    <property name="user.country" value="US" />
    <property name="ant.file.type.JPetStore" value="file" />
    <property name="java.home" value="C:\Program Files\Java\jdk1.8.0_60\jre" />
    <property name="java.vm.info" value="mixed mode" />
    <property name="ant.file" value="C:\Jenkins\jobs\JPetStore\workspace\build.xml" />
    <property name="os.version" value="6.3" />
    <property name="path.separator" value=";" />
    <property name="java.vm.version" value="25.60-b23" />
    <property name="user.variant" value="" />
    <property name="ant.library.dir" value="C:\ANT\apache-ant-1.10.1\lib" />
    <property name="java.awt.printerjob" value="sun.awt.windows.WPrinterJob" />
    <property name="sun.io.unicode.encoding" value="UnicodeLittle" />
    <property name="awt.toolkit" value="sun.awt.windows.WToolkit" />
    <property name="testclasses" value="work/testclasses/" />
    <property name="user.script" value="" />
    <property name="work" value="work" />
    <property name="user.home" value="C:\Windows\system32\config\systemprofile" />
    <property name="java.specification.vendor" value="Oracle Corporation" />
    <property name="test" value="test" />
    <property name="java.library.path" value="C:\Program Files\Java\jdk1.8.0_60\jre\bin;C:\Windows\Sun\Java\bin;C:\Windows\system32;C:\Windows;C:\Program Files\Java\jdk1.8.0_60/bin;C:\ProgramData\Oracle\Java\javapath;C:\Windows\system32;C:\Windows;C:\Windows\System32\Wbem;C:\Windows\System32\WindowsPowerShell\v1.0\;c:\Program Files (x86)\Microsoft SQL Server\110\Tools\Binn\;c:\Program Files\Microsoft SQL Server\110\Tools\Binn\;c:\Program Files\Microsoft SQL Server\110\DTS\Binn\;C:\Program Files\Microsoft\Web Platform Installer\;C:\Program Files (x86)\Windows Kits\8.1\Windows Performance Toolkit\;C:\Program Files (x86)\Microsoft SDKs\TypeScript\1.0\;C:\Program Files\Microsoft SQL Server\120\Tools\Binn\;c:\Program Files (x86)\Microsoft SQL Server\110\Tools\Binn\ManagementStudio\;c:\Program Files (x86)\Microsoft SQL Server\110\DTS\Binn\;C:\Program Files (x86)\HP\Unified Functional Testing\bin;C:\Program Files\Java\jdk1.8.0_60\bin;C:\Program Files\Apache Maven\apache-maven-3.3.9\bin;C:\Git\cmd;C:\Sonarqube\sonar-runner-dist-2.4\sonar-runner-2.4\bin;C:\Groovy\apache-groovy-binary-2.4.7\groovy-2.4.7\bin;;." />
    <property name="java.vendor.url" value="http://java.oracle.com/" />
    <property name="java.vm.vendor" value="Oracle Corporation" />
    <property name="java.runtime.name" value="Java(TM) SE Runtime Environment" />
    <property name="sun.java.command" value="org.apache.tools.ant.taskdefs.optional.junit.JUnitTestRunner com.ibatis.jpetstore.service.CatalogServiceTest skipNonTests=false filtertrace=true haltOnError=false haltOnFailure=false formatter=org.apache.tools.ant.taskdefs.optional.junit.SummaryJUnitResultFormatter showoutput=false outputtoformatters=true logfailedtests=true threadid=0 logtestlistenerevents=false formatter=org.apache.tools.ant.taskdefs.optional.junit.XMLJUnitResultFormatter,C:\Jenkins\jobs\JPetStore\workspace\reports\junit\TEST-com.ibatis.jpetstore.service.CatalogServiceTest.xml crashfile=C:\Jenkins\jobs\JPetStore\workspace\junitvmwatcher7815265018531496371.properties propsfile=C:\Jenkins\jobs\JPetStore\workspace\junit1001007006903740314.properties" />
    <property name="java.class.path" value="C:\Jenkins\jobs\JPetStore\workspace\work\instrumentedclasses;C:\Jenkins\jobs\JPetStore\workspace\work\classes;C:\Jenkins\jobs\JPetStore\workspace\work\testclasses;C:\Jenkins\jobs\JPetStore\workspace\src;C:\Jenkins\jobs\JPetStore\workspace\test;C:\Jenkins\jobs\JPetStore\workspace\lib\antlr.jar;C:\Jenkins\jobs\JPetStore\workspace\lib\beanaction.jar;C:\Jenkins\jobs\JPetStore\workspace\lib\commons-beanutils.jar;C:\Jenkins\jobs\JPetStore\workspace\lib\commons-digester.jar;C:\Jenkins\jobs\JPetStore\workspace\lib\commons-fileupload.jar;C:\Jenkins\jobs\JPetStore\workspace\lib\commons-logging.jar;C:\Jenkins\jobs\JPetStore\workspace\lib\commons-validator.jar;C:\Jenkins\jobs\JPetStore\workspace\lib\hsqldb.jar;C:\Jenkins\jobs\JPetStore\workspace\lib\ibatis-common-2.jar;C:\Jenkins\jobs\JPetStore\workspace\lib\ibatis-dao-2.jar;C:\Jenkins\jobs\JPetStore\workspace\lib\ibatis-sqlmap-2.jar;C:\Jenkins\jobs\JPetStore\workspace\lib\jakarta-oro.jar;C:\Jenkins\jobs\JPetStore\workspace\lib\struts.jar;C:\Jenkins\jobs\JPetStore\workspace\devlib\cglib-nodep-2.1_3.jar;C:\Jenkins\jobs\JPetStore\workspace\devlib\emma.jar;C:\Jenkins\jobs\JPetStore\workspace\devlib\emma_ant.jar;C:\Jenkins\jobs\JPetStore\workspace\devlib\jmock-1.0.1.jar;C:\Jenkins\jobs\JPetStore\workspace\devlib\jmock-cglib-1.0.1.jar;C:\Jenkins\jobs\JPetStore\workspace\devlib\junit-4.4.jar;C:\Jenkins\jobs\JPetStore\workspace\devlib\servlet.jar;C:\ANT\apache-ant-1.10.1\lib\ant-launcher.jar;C:\ANT\apache-ant-1.10.1\lib\ant.jar;C:\ANT\apache-ant-1.10.1\lib\ant-junit.jar;C:\ANT\apache-ant-1.10.1\lib\ant-junit4.jar" />
    <property name="ant.version" value="Apache Ant(TM) version 1.10.1 compiled on February 2 2017" />
    <property name="devlib" value="devlib" />
    <property name="java.vm.specification.name" value="Java Virtual Machine Specification" />
    <property name="ant.file.type" value="file" />
    <property name="java.vm.specification.version" value="1.8" />
    <property name="sun.cpu.endian" value="little" />
    <property name="warfile" value="wars/jpetstore.war" />
    <property name="sun.os.patch.level" value="" />
    <property name="java.io.tmpdir" value="C:\Windows\TEMP\" />
    <property name="java.vendor.url.bug" value="http://bugreport.sun.com/bugreport/" />
    <property name="java.awt.graphicsenv" value="sun.awt.Win32GraphicsEnvironment" />
    <property name="os.arch" value="amd64" />
    <property name="java.ext.dirs" value="C:\Program Files\Java\jdk1.8.0_60\jre\lib\ext;C:\Windows\Sun\Java\lib\ext" />
    <property name="user.dir" value="C:\Jenkins\jobs\JPetStore\workspace" />
    <property name="coveragereports" value="reports/coverage/" />
    <property name="line.separator" value="&#xd;&#xa;" />
    <property name="java.vm.name" value="Java HotSpot(TM) 64-Bit Server VM" />
    <property name="basedir" value="C:\Jenkins\jobs\JPetStore\workspace" />
    <property name="ant.java.version" value="1.8" />
    <property name="ant.core.lib" value="C:\ANT\apache-ant-1.10.1\lib\ant.jar" />
    <property name="file.encoding" value="Cp1252" />
    <property name="wars" value="wars" />
    <property name="java.specification.version" value="1.8" />
    <property name="ant.project.invoked-targets" value="all" />
  </properties>
  <testcase classname="com.ibatis.jpetstore.service.CatalogServiceTest" name="testShouldCallGetCategoryOnCategoryDao" time="0.156">
    <error message="Illegal local variable table length 5 in method com.ibatis.jpetstore.domain.Category.&lt;init&gt;()V" type="java.lang.ClassFormatError">java.lang.ClassFormatError: Illegal local variable table length 5 in method com.ibatis.jpetstore.domain.Category.&lt;init&gt;()V
	at com.ibatis.jpetstore.service.CatalogServiceTest.testShouldCallGetCategoryOnCategoryDao(CatalogServiceTest.java:23)
	at org.jmock.core.VerifyingTestCase.runBare(Unknown Source)
</error>
  </testcase>
  <testcase classname="com.ibatis.jpetstore.service.CatalogServiceTest" name="testShouldCallGetProductOnProductDao" time="0.031">
    <error message="Illegal local variable table length 5 in method com.ibatis.jpetstore.domain.Product.&lt;init&gt;()V" type="java.lang.ClassFormatError">java.lang.ClassFormatError: Illegal local variable table length 5 in method com.ibatis.jpetstore.domain.Product.&lt;init&gt;()V
	at com.ibatis.jpetstore.service.CatalogServiceTest.testShouldCallGetProductOnProductDao(CatalogServiceTest.java:78)
	at org.jmock.core.VerifyingTestCase.runBare(Unknown Source)
</error>
  </testcase>
  <testcase classname="com.ibatis.jpetstore.service.CatalogServiceTest" name="testCallSearchProductsOnProductDao" time="0.016">
    <error message="Expecting a stackmap frame at branch target 11&#xa;Exception Details:&#xa;  Location:&#xa;    com/ibatis/jpetstore/service/CatalogService.&lt;init&gt;()V @4: ifnonnull&#xa;  Reason:&#xa;    Expected stackmap frame at this location.&#xa;  Bytecode:&#xa;    0x0000000: b200 5859 c700 0757 b800 6203 324d 2ab7&#xa;    0x0000010: 0001 b800 024c 2a2b 1203 b900 0402 00c0&#xa;    0x0000020: 0003 b500 052a 2b12 06b9 0004 0200 c000&#xa;    0x0000030: 06b5 0007 2a2b 1208 b900 0402 00c0 0008&#xa;    0x0000040: b500 092c 0304 54b1                    &#xa;" type="java.lang.VerifyError">java.lang.VerifyError: Expecting a stackmap frame at branch target 11
Exception Details:
  Location:
    com/ibatis/jpetstore/service/CatalogService.&lt;init&gt;()V @4: ifnonnull
  Reason:
    Expected stackmap frame at this location.
  Bytecode:
    0x0000000: b200 5859 c700 0757 b800 6203 324d 2ab7
    0x0000010: 0001 b800 024c 2a2b 1203 b900 0402 00c0
    0x0000020: 0003 b500 052a 2b12 06b9 0004 0200 c000
    0x0000030: 06b5 0007 2a2b 1208 b900 0402 00c0 0008
    0x0000040: b500 092c 0304 54b1                    

	at com.ibatis.jpetstore.service.CatalogServiceTest.testCallSearchProductsOnProductDao(CatalogServiceTest.java:122)
	at org.jmock.core.VerifyingTestCase.runBare(Unknown Source)
</error>
  </testcase>
  <testcase classname="com.ibatis.jpetstore.service.CatalogServiceTest" name="testShouldCallGetCategoryListOnCategoryDao" time="0.0">
    <error message="Expecting a stackmap frame at branch target 11&#xa;Exception Details:&#xa;  Location:&#xa;    com/ibatis/jpetstore/service/CatalogService.&lt;init&gt;()V @4: ifnonnull&#xa;  Reason:&#xa;    Expected stackmap frame at this location.&#xa;  Bytecode:&#xa;    0x0000000: b200 5859 c700 0757 b800 6203 324d 2ab7&#xa;    0x0000010: 0001 b800 024c 2a2b 1203 b900 0402 00c0&#xa;    0x0000020: 0003 b500 052a 2b12 06b9 0004 0200 c000&#xa;    0x0000030: 06b5 0007 2a2b 1208 b900 0402 00c0 0008&#xa;    0x0000040: b500 092c 0304 54b1                    &#xa;" type="java.lang.VerifyError">java.lang.VerifyError: Expecting a stackmap frame at branch target 11
Exception Details:
  Location:
    com/ibatis/jpetstore/service/CatalogService.&lt;init&gt;()V @4: ifnonnull
  Reason:
    Expected stackmap frame at this location.
  Bytecode:
    0x0000000: b200 5859 c700 0757 b800 6203 324d 2ab7
    0x0000010: 0001 b800 024c 2a2b 1203 b900 0402 00c0
    0x0000020: 0003 b500 052a 2b12 06b9 0004 0200 c000
    0x0000030: 06b5 0007 2a2b 1208 b900 0402 00c0 0008
    0x0000040: b500 092c 0304 54b1                    

	at com.ibatis.jpetstore.service.CatalogServiceTest.testShouldCallGetCategoryListOnCategoryDao(CatalogServiceTest.java:40)
	at org.jmock.core.VerifyingTestCase.runBare(Unknown Source)
</error>
  </testcase>
  <testcase classname="com.ibatis.jpetstore.service.CatalogServiceTest" name="testShouldCallGetItemListByProductOnItemDao" time="0.0">
    <error message="Illegal local variable table length 16 in method com.ibatis.jpetstore.domain.Order.&lt;init&gt;()V" type="java.lang.ClassFormatError">java.lang.ClassFormatError: Illegal local variable table length 16 in method com.ibatis.jpetstore.domain.Order.&lt;init&gt;()V
	at java.lang.Class.forName0(Native Method)
	at java.lang.Class.forName(Class.java:264)
	at com.sun.proxy.$Proxy2.&lt;clinit&gt;(Unknown Source)
	at java.lang.reflect.Constructor.newInstance(Constructor.java:422)
	at java.lang.reflect.Proxy.newProxyInstance(Proxy.java:739)
	at org.jmock.core.CoreMock.&lt;init&gt;(Unknown Source)
	at org.jmock.core.CoreMock.&lt;init&gt;(Unknown Source)
	at org.jmock.MockObjectTestCase.newCoreMock(Unknown Source)
	at org.jmock.MockObjectTestCase.mock(Unknown Source)
	at org.jmock.MockObjectTestCase.mock(Unknown Source)
	at com.ibatis.jpetstore.service.CatalogServiceTest.testShouldCallGetItemListByProductOnItemDao(CatalogServiceTest.java:60)
	at org.jmock.core.VerifyingTestCase.runBare(Unknown Source)
</error>
  </testcase>
  <testcase classname="com.ibatis.jpetstore.service.CatalogServiceTest" name="testShouldCallGetItemOnItemDao" time="0.016">
    <error message="Could not initialize class com.sun.proxy.$Proxy2" type="java.lang.NoClassDefFoundError">java.lang.NoClassDefFoundError: Could not initialize class com.sun.proxy.$Proxy2
	at java.lang.reflect.Constructor.newInstance(Constructor.java:422)
	at java.lang.reflect.Proxy.newProxyInstance(Proxy.java:739)
	at org.jmock.core.CoreMock.&lt;init&gt;(Unknown Source)
	at org.jmock.core.CoreMock.&lt;init&gt;(Unknown Source)
	at org.jmock.MockObjectTestCase.newCoreMock(Unknown Source)
	at org.jmock.MockObjectTestCase.mock(Unknown Source)
	at org.jmock.MockObjectTestCase.mock(Unknown Source)
	at com.ibatis.jpetstore.service.CatalogServiceTest.testShouldCallGetItemOnItemDao(CatalogServiceTest.java:46)
	at org.jmock.core.VerifyingTestCase.runBare(Unknown Source)
</error>
  </testcase>
  <testcase classname="com.ibatis.jpetstore.service.CatalogServiceTest" name="testShouldFindProductIsInStock" time="0.0">
    <error message="Could not initialize class com.sun.proxy.$Proxy2" type="java.lang.NoClassDefFoundError">java.lang.NoClassDefFoundError: Could not initialize class com.sun.proxy.$Proxy2
	at java.lang.reflect.Constructor.newInstance(Constructor.java:422)
	at java.lang.reflect.Proxy.newProxyInstance(Proxy.java:739)
	at org.jmock.core.CoreMock.&lt;init&gt;(Unknown Source)
	at org.jmock.core.CoreMock.&lt;init&gt;(Unknown Source)
	at org.jmock.MockObjectTestCase.newCoreMock(Unknown Source)
	at org.jmock.MockObjectTestCase.mock(Unknown Source)
	at org.jmock.MockObjectTestCase.mock(Unknown Source)
	at com.ibatis.jpetstore.service.CatalogServiceTest.testShouldFindProductIsInStock(CatalogServiceTest.java:101)
	at org.jmock.core.VerifyingTestCase.runBare(Unknown Source)
</error>
  </testcase>
  <testcase classname="com.ibatis.jpetstore.service.CatalogServiceTest" name="testShouldCallGetProductListByCategoryOnProductDao" time="0.0">
    <error message="Expecting a stackmap frame at branch target 11&#xa;Exception Details:&#xa;  Location:&#xa;    com/ibatis/jpetstore/service/CatalogService.&lt;init&gt;()V @4: ifnonnull&#xa;  Reason:&#xa;    Expected stackmap frame at this location.&#xa;  Bytecode:&#xa;    0x0000000: b200 5859 c700 0757 b800 6203 324d 2ab7&#xa;    0x0000010: 0001 b800 024c 2a2b 1203 b900 0402 00c0&#xa;    0x0000020: 0003 b500 052a 2b12 06b9 0004 0200 c000&#xa;    0x0000030: 06b5 0007 2a2b 1208 b900 0402 00c0 0008&#xa;    0x0000040: b500 092c 0304 54b1                    &#xa;" type="java.lang.VerifyError">java.lang.VerifyError: Expecting a stackmap frame at branch target 11
Exception Details:
  Location:
    com/ibatis/jpetstore/service/CatalogService.&lt;init&gt;()V @4: ifnonnull
  Reason:
    Expected stackmap frame at this location.
  Bytecode:
    0x0000000: b200 5859 c700 0757 b800 6203 324d 2ab7
    0x0000010: 0001 b800 024c 2a2b 1203 b900 0402 00c0
    0x0000020: 0003 b500 052a 2b12 06b9 0004 0200 c000
    0x0000030: 06b5 0007 2a2b 1208 b900 0402 00c0 0008
    0x0000040: b500 092c 0304 54b1                    

	at com.ibatis.jpetstore.service.CatalogServiceTest.testShouldCallGetProductListByCategoryOnProductDao(CatalogServiceTest.java:95)
	at org.jmock.core.VerifyingTestCase.runBare(Unknown Source)
</error>
  </testcase>
  <system-out><![CDATA[]]></system-out>
  <system-err><![CDATA[]]></system-err>
</testsuite>
