<?xml version="1.0" encoding="UTF-8" ?>
<!--

       Copyright 2010-2017 the original author or authors.

       Licensed under the Apache License, Version 2.0 (the "License");
       you may not use this file except in compliance with the License.
       You may obtain a copy of the License at

          http://www.apache.org/licenses/LICENSE-2.0

       Unless required by applicable law or agreed to in writing, software
       distributed under the License is distributed on an "AS IS" BASIS,
       WITHOUT WARRANTIES OR CONDITIONS OF ANY KIND, either express or implied.
       See the License for the specific language governing permissions and
       limitations under the License.

-->
<testsuite errors="8" failures="0" hostname="IRIS-VMQATest" name="com.ibatis.jpetstore.service.CatalogServiceTest" skipped="0" tests="8" time="0.36" timestamp="2017-07-28T12:39:59">
  <properties>
[...]
</properties>
  <testcase classname="com.ibatis.jpetstore.service.CatalogServiceTest" name="testShouldCallGetCategoryOnCategoryDao" time="0.156">
    <error message="Illegal local variable table length 5 in method com.ibatis.jpetstore.domain.Category.&lt;init&gt;()V" type="java.lang.ClassFormatError">java.lang.ClassFormatError: Illegal local variable table length 5 in method com.ibatis.jpetstore.domain.Category.&lt;init&gt;()V
	at com.ibatis.jpetstore.service.CatalogServiceTest.testShouldCallGetCategoryOnCategoryDao(CatalogServiceTest.java:23)
	at org.jmock.core.VerifyingTestCase.runBare(Unknown Source)
</error>
  </testcase>
  <testcase classname="com.ibatis.jpetstore.service.CatalogServiceTest" name="testShouldCallGetProductOnProductDao" time="0.031">
    <error message="Illegal local variable table length 5 in method com.ibatis.jpetstore.domain.Product.&lt;init&gt;()V" type="java.lang.ClassFormatError">java.lang.ClassFormatError: Illegal local variable table length 5 in method com.ibatis.jpetstore.domain.Product.&lt;init&gt;()V
	at com.ibatis.jpetstore.service.CatalogServiceTest.testShouldCallGetProductOnProductDao(CatalogServiceTest.java:78)
	at org.jmock.core.VerifyingTestCase.runBare(Unknown Source)
</error>
  </testcase>
  <testcase classname="com.ibatis.jpetstore.service.CatalogServiceTest" name="testCallSearchProductsOnProductDao" time="0.016">
    <error message="Expecting a stackmap frame at branch target 11&#xa;Exception Details:&#xa;  Location:&#xa;    com/ibatis/jpetstore/service/CatalogService.&lt;init&gt;()V @4: ifnonnull&#xa;  Reason:&#xa;    Expected stackmap frame at this location.&#xa;  Bytecode:&#xa;    0x0000000: b200 5859 c700 0757 b800 6203 324d 2ab7&#xa;    0x0000010: 0001 b800 024c 2a2b 1203 b900 0402 00c0&#xa;    0x0000020: 0003 b500 052a 2b12 06b9 0004 0200 c000&#xa;    0x0000030: 06b5 0007 2a2b 1208 b900 0402 00c0 0008&#xa;    0x0000040: b500 092c 0304 54b1                    &#xa;" type="java.lang.VerifyError">java.lang.VerifyError: Expecting a stackmap frame at branch target 11
Exception Details:
  Location:
    com/ibatis/jpetstore/service/CatalogService.&lt;init&gt;()V @4: ifnonnull
  Reason:
    Expected stackmap frame at this location.
  Bytecode:
    0x0000000: b200 5859 c700 0757 b800 6203 324d 2ab7
    0x0000010: 0001 b800 024c 2a2b 1203 b900 0402 00c0
    0x0000020: 0003 b500 052a 2b12 06b9 0004 0200 c000
    0x0000030: 06b5 0007 2a2b 1208 b900 0402 00c0 0008
    0x0000040: b500 092c 0304 54b1                    

	at com.ibatis.jpetstore.service.CatalogServiceTest.testCallSearchProductsOnProductDao(CatalogServiceTest.java:122)
	at org.jmock.core.VerifyingTestCase.runBare(Unknown Source)
</error>
  </testcase>
  <testcase classname="com.ibatis.jpetstore.service.CatalogServiceTest" name="testShouldCallGetCategoryListOnCategoryDao" time="0.0">
    <error message="Expecting a stackmap frame at branch target 11&#xa;Exception Details:&#xa;  Location:&#xa;    com/ibatis/jpetstore/service/CatalogService.&lt;init&gt;()V @4: ifnonnull&#xa;  Reason:&#xa;    Expected stackmap frame at this location.&#xa;  Bytecode:&#xa;    0x0000000: b200 5859 c700 0757 b800 6203 324d 2ab7&#xa;    0x0000010: 0001 b800 024c 2a2b 1203 b900 0402 00c0&#xa;    0x0000020: 0003 b500 052a 2b12 06b9 0004 0200 c000&#xa;    0x0000030: 06b5 0007 2a2b 1208 b900 0402 00c0 0008&#xa;    0x0000040: b500 092c 0304 54b1                    &#xa;" type="java.lang.VerifyError">java.lang.VerifyError: Expecting a stackmap frame at branch target 11
Exception Details:
  Location:
    com/ibatis/jpetstore/service/CatalogService.&lt;init&gt;()V @4: ifnonnull
  Reason:
    Expected stackmap frame at this location.
  Bytecode:
    0x0000000: b200 5859 c700 0757 b800 6203 324d 2ab7
    0x0000010: 0001 b800 024c 2a2b 1203 b900 0402 00c0
    0x0000020: 0003 b500 052a 2b12 06b9 0004 0200 c000
    0x0000030: 06b5 0007 2a2b 1208 b900 0402 00c0 0008
    0x0000040: b500 092c 0304 54b1                    

	at com.ibatis.jpetstore.service.CatalogServiceTest.testShouldCallGetCategoryListOnCategoryDao(CatalogServiceTest.java:40)
	at org.jmock.core.VerifyingTestCase.runBare(Unknown Source)
</error>
  </testcase>
  <testcase classname="com.ibatis.jpetstore.service.CatalogServiceTest" name="testShouldCallGetItemListByProductOnItemDao" time="0.0">
    <error message="Illegal local variable table length 16 in method com.ibatis.jpetstore.domain.Order.&lt;init&gt;()V" type="java.lang.ClassFormatError">java.lang.ClassFormatError: Illegal local variable table length 16 in method com.ibatis.jpetstore.domain.Order.&lt;init&gt;()V
	at java.lang.Class.forName0(Native Method)
	at java.lang.Class.forName(Class.java:264)
	at com.sun.proxy.$Proxy2.&lt;clinit&gt;(Unknown Source)
	at java.lang.reflect.Constructor.newInstance(Constructor.java:422)
	at java.lang.reflect.Proxy.newProxyInstance(Proxy.java:739)
	at org.jmock.core.CoreMock.&lt;init&gt;(Unknown Source)
	at org.jmock.core.CoreMock.&lt;init&gt;(Unknown Source)
	at org.jmock.MockObjectTestCase.newCoreMock(Unknown Source)
	at org.jmock.MockObjectTestCase.mock(Unknown Source)
	at org.jmock.MockObjectTestCase.mock(Unknown Source)
	at com.ibatis.jpetstore.service.CatalogServiceTest.testShouldCallGetItemListByProductOnItemDao(CatalogServiceTest.java:60)
	at org.jmock.core.VerifyingTestCase.runBare(Unknown Source)
</error>
  </testcase>
  <testcase classname="com.ibatis.jpetstore.service.CatalogServiceTest" name="testShouldCallGetItemOnItemDao" time="0.016">
    <error message="Could not initialize class com.sun.proxy.$Proxy2" type="java.lang.NoClassDefFoundError">java.lang.NoClassDefFoundError: Could not initialize class com.sun.proxy.$Proxy2
	at java.lang.reflect.Constructor.newInstance(Constructor.java:422)
	at java.lang.reflect.Proxy.newProxyInstance(Proxy.java:739)
	at org.jmock.core.CoreMock.&lt;init&gt;(Unknown Source)
	at org.jmock.core.CoreMock.&lt;init&gt;(Unknown Source)
	at org.jmock.MockObjectTestCase.newCoreMock(Unknown Source)
	at org.jmock.MockObjectTestCase.mock(Unknown Source)
	at org.jmock.MockObjectTestCase.mock(Unknown Source)
	at com.ibatis.jpetstore.service.CatalogServiceTest.testShouldCallGetItemOnItemDao(CatalogServiceTest.java:46)
	at org.jmock.core.VerifyingTestCase.runBare(Unknown Source)
</error>
  </testcase>
  <testcase classname="com.ibatis.jpetstore.service.CatalogServiceTest" name="testShouldFindProductIsInStock" time="0.0">
    <error message="Could not initialize class com.sun.proxy.$Proxy2" type="java.lang.NoClassDefFoundError">java.lang.NoClassDefFoundError: Could not initialize class com.sun.proxy.$Proxy2
	at java.lang.reflect.Constructor.newInstance(Constructor.java:422)
	at java.lang.reflect.Proxy.newProxyInstance(Proxy.java:739)
	at org.jmock.core.CoreMock.&lt;init&gt;(Unknown Source)
	at org.jmock.core.CoreMock.&lt;init&gt;(Unknown Source)
	at org.jmock.MockObjectTestCase.newCoreMock(Unknown Source)
	at org.jmock.MockObjectTestCase.mock(Unknown Source)
	at org.jmock.MockObjectTestCase.mock(Unknown Source)
	at com.ibatis.jpetstore.service.CatalogServiceTest.testShouldFindProductIsInStock(CatalogServiceTest.java:101)
	at org.jmock.core.VerifyingTestCase.runBare(Unknown Source)
</error>
  </testcase>
  <testcase classname="com.ibatis.jpetstore.service.CatalogServiceTest" name="testShouldCallGetProductListByCategoryOnProductDao" time="0.0">
    <error message="Expecting a stackmap frame at branch target 11&#xa;Exception Details:&#xa;  Location:&#xa;    com/ibatis/jpetstore/service/CatalogService.&lt;init&gt;()V @4: ifnonnull&#xa;  Reason:&#xa;    Expected stackmap frame at this location.&#xa;  Bytecode:&#xa;    0x0000000: b200 5859 c700 0757 b800 6203 324d 2ab7&#xa;    0x0000010: 0001 b800 024c 2a2b 1203 b900 0402 00c0&#xa;    0x0000020: 0003 b500 052a 2b12 06b9 0004 0200 c000&#xa;    0x0000030: 06b5 0007 2a2b 1208 b900 0402 00c0 0008&#xa;    0x0000040: b500 092c 0304 54b1                    &#xa;" type="java.lang.VerifyError">java.lang.VerifyError: Expecting a stackmap frame at branch target 11
Exception Details:
  Location:
    com/ibatis/jpetstore/service/CatalogService.&lt;init&gt;()V @4: ifnonnull
  Reason:
    Expected stackmap frame at this location.
  Bytecode:
    0x0000000: b200 5859 c700 0757 b800 6203 324d 2ab7
    0x0000010: 0001 b800 024c 2a2b 1203 b900 0402 00c0
    0x0000020: 0003 b500 052a 2b12 06b9 0004 0200 c000
    0x0000030: 06b5 0007 2a2b 1208 b900 0402 00c0 0008
    0x0000040: b500 092c 0304 54b1                    

	at com.ibatis.jpetstore.service.CatalogServiceTest.testShouldCallGetProductListByCategoryOnProductDao(CatalogServiceTest.java:95)
	at org.jmock.core.VerifyingTestCase.runBare(Unknown Source)
</error>
  </testcase>
  <system-out><![CDATA[]]></system-out>
  <system-err><![CDATA[]]></system-err>
</testsuite>
