<?xml version="1.0" encoding="UTF-8" ?>
<testsuite errors="0" failures="4" hostname="IRIS-VMQATest" name="com.ibatis.jpetstore.persistence.ProductDaoTest" skipped="0" tests="4" time="0.187" timestamp="2017-07-28T12:39:49">
  <properties>
[...]
</properties>
  <testcase classname="junit.framework.TestSuite$1" name="warning" time="0.047">
    <failure message="Exception in constructor: testShouldFindSpecificProductByID (java.lang.ClassFormatError: Illegal local variable table length 5 in method com.ibatis.jpetstore.persistence.DaoConfig.&lt;init&gt;()V&#xd;&#xa;&#x9;at com.ibatis.jpetstore.persistence.PersistenceFixture.&lt;clinit&gt;(PersistenceFixture.java:27)&#xd;&#xa;&#x9;at com.ibatis.jpetstore.persistence.BasePersistenceTest.&lt;init&gt;(BasePersistenceTest.java:7)&#xd;&#xa;&#x9;at com.ibatis.jpetstore.persistence.ProductDaoTest.&lt;init&gt;(ProductDaoTest.java:5)&#xd;&#xa;&#x9;at sun.reflect.NativeConstructorAccessorImpl.newInstance0(Native Method)&#xd;&#xa;&#x9;at sun.reflect.NativeConstructorAccessorImpl.newInstance(NativeConstructorAccessorImpl.java:62)&#xd;&#xa;&#x9;at sun.reflect.DelegatingConstructorAccessorImpl.newInstance(DelegatingConstructorAccessorImpl.java:45)&#xd;&#xa;&#x9;at java.lang.reflect.Constructor.newInstance(Constructor.java:422)&#xd;&#xa;&#x9;at junit.framework.TestSuite.createTest(TestSuite.java:61)&#xd;&#xa;&#x9;at junit.framework.TestSuite.addTestMethod(TestSuite.java:283)&#xd;&#xa;&#x9;at junit.framework.TestSuite.&lt;init&gt;(TestSuite.java:146)&#xd;&#xa;&#x9;at org.apache.tools.ant.taskdefs.optional.junit.JUnitTestRunner.run(JUnitTestRunner.java:500)&#xd;&#xa;&#x9;at org.apache.tools.ant.taskdefs.optional.junit.JUnitTestRunner.launch(JUnitTestRunner.java:1182)&#xd;&#xa;&#x9;at org.apache.tools.ant.taskdefs.optional.junit.JUnitTestRunner.main(JUnitTestRunner.java:1033)&#xd;&#xa;)" type="junit.framework.AssertionFailedError">junit.framework.AssertionFailedError: Exception in constructor: testShouldFindSpecificProductByID (java.lang.ClassFormatError: Illegal local variable table length 5 in method com.ibatis.jpetstore.persistence.DaoConfig.&lt;init&gt;()V
	at com.ibatis.jpetstore.persistence.PersistenceFixture.&lt;clinit&gt;(PersistenceFixture.java:27)
	at com.ibatis.jpetstore.persistence.BasePersistenceTest.&lt;init&gt;(BasePersistenceTest.java:7)
	at com.ibatis.jpetstore.persistence.ProductDaoTest.&lt;init&gt;(ProductDaoTest.java:5)
	at java.lang.reflect.Constructor.newInstance(Constructor.java:422)
)
</failure>
  </testcase>
  <testcase classname="junit.framework.TestSuite$1" name="warning" time="0.015">
    <failure message="Exception in constructor: testShouldFindAllProductsContainingKeyword (java.lang.NoClassDefFoundError: Could not initialize class com.ibatis.jpetstore.persistence.PersistenceFixture&#xd;&#xa;&#x9;at com.ibatis.jpetstore.persistence.BasePersistenceTest.&lt;init&gt;(BasePersistenceTest.java:7)&#xd;&#xa;&#x9;at com.ibatis.jpetstore.persistence.ProductDaoTest.&lt;init&gt;(ProductDaoTest.java:5)&#xd;&#xa;&#x9;at sun.reflect.NativeConstructorAccessorImpl.newInstance0(Native Method)&#xd;&#xa;&#x9;at sun.reflect.NativeConstructorAccessorImpl.newInstance(NativeConstructorAccessorImpl.java:62)&#xd;&#xa;&#x9;at sun.reflect.DelegatingConstructorAccessorImpl.newInstance(DelegatingConstructorAccessorImpl.java:45)&#xd;&#xa;&#x9;at java.lang.reflect.Constructor.newInstance(Constructor.java:422)&#xd;&#xa;&#x9;at junit.framework.TestSuite.createTest(TestSuite.java:61)&#xd;&#xa;&#x9;at junit.framework.TestSuite.addTestMethod(TestSuite.java:283)&#xd;&#xa;&#x9;at junit.framework.TestSuite.&lt;init&gt;(TestSuite.java:146)&#xd;&#xa;&#x9;at org.apache.tools.ant.taskdefs.optional.junit.JUnitTestRunner.run(JUnitTestRunner.java:500)&#xd;&#xa;&#x9;at org.apache.tools.ant.taskdefs.optional.junit.JUnitTestRunner.launch(JUnitTestRunner.java:1182)&#xd;&#xa;&#x9;at org.apache.tools.ant.taskdefs.optional.junit.JUnitTestRunner.main(JUnitTestRunner.java:1033)&#xd;&#xa;)" type="junit.framework.AssertionFailedError">junit.framework.AssertionFailedError: Exception in constructor: testShouldFindAllProductsContainingKeyword (java.lang.NoClassDefFoundError: Could not initialize class com.ibatis.jpetstore.persistence.PersistenceFixture
	at com.ibatis.jpetstore.persistence.BasePersistenceTest.&lt;init&gt;(BasePersistenceTest.java:7)
	at com.ibatis.jpetstore.persistence.ProductDaoTest.&lt;init&gt;(ProductDaoTest.java:5)
	at java.lang.reflect.Constructor.newInstance(Constructor.java:422)
)
</failure>
  </testcase>
  <testcase classname="junit.framework.TestSuite$1" name="warning" time="0.0">
    <failure message="Exception in constructor: testShouldListProductsForACategory (java.lang.NoClassDefFoundError: Could not initialize class com.ibatis.jpetstore.persistence.PersistenceFixture&#xd;&#xa;&#x9;at com.ibatis.jpetstore.persistence.BasePersistenceTest.&lt;init&gt;(BasePersistenceTest.java:7)&#xd;&#xa;&#x9;at com.ibatis.jpetstore.persistence.ProductDaoTest.&lt;init&gt;(ProductDaoTest.java:5)&#xd;&#xa;&#x9;at sun.reflect.NativeConstructorAccessorImpl.newInstance0(Native Method)&#xd;&#xa;&#x9;at sun.reflect.NativeConstructorAccessorImpl.newInstance(NativeConstructorAccessorImpl.java:62)&#xd;&#xa;&#x9;at sun.reflect.DelegatingConstructorAccessorImpl.newInstance(DelegatingConstructorAccessorImpl.java:45)&#xd;&#xa;&#x9;at java.lang.reflect.Constructor.newInstance(Constructor.java:422)&#xd;&#xa;&#x9;at junit.framework.TestSuite.createTest(TestSuite.java:61)&#xd;&#xa;&#x9;at junit.framework.TestSuite.addTestMethod(TestSuite.java:283)&#xd;&#xa;&#x9;at junit.framework.TestSuite.&lt;init&gt;(TestSuite.java:146)&#xd;&#xa;&#x9;at org.apache.tools.ant.taskdefs.optional.junit.JUnitTestRunner.run(JUnitTestRunner.java:500)&#xd;&#xa;&#x9;at org.apache.tools.ant.taskdefs.optional.junit.JUnitTestRunner.launch(JUnitTestRunner.java:1182)&#xd;&#xa;&#x9;at org.apache.tools.ant.taskdefs.optional.junit.JUnitTestRunner.main(JUnitTestRunner.java:1033)&#xd;&#xa;)" type="junit.framework.AssertionFailedError">junit.framework.AssertionFailedError: Exception in constructor: testShouldListProductsForACategory (java.lang.NoClassDefFoundError: Could not initialize class com.ibatis.jpetstore.persistence.PersistenceFixture
	at com.ibatis.jpetstore.persistence.BasePersistenceTest.&lt;init&gt;(BasePersistenceTest.java:7)
	at com.ibatis.jpetstore.persistence.ProductDaoTest.&lt;init&gt;(ProductDaoTest.java:5)
	at java.lang.reflect.Constructor.newInstance(Constructor.java:422)
)
</failure>
  </testcase>
  <testcase classname="junit.framework.TestSuite$1" name="warning" time="0.0">
    <failure message="Exception in constructor: testDummy (java.lang.NoClassDefFoundError: Could not initialize class com.ibatis.jpetstore.persistence.PersistenceFixture&#xd;&#xa;&#x9;at com.ibatis.jpetstore.persistence.BasePersistenceTest.&lt;init&gt;(BasePersistenceTest.java:7)&#xd;&#xa;&#x9;at com.ibatis.jpetstore.persistence.ProductDaoTest.&lt;init&gt;(ProductDaoTest.java:5)&#xd;&#xa;&#x9;at sun.reflect.NativeConstructorAccessorImpl.newInstance0(Native Method)&#xd;&#xa;&#x9;at sun.reflect.NativeConstructorAccessorImpl.newInstance(NativeConstructorAccessorImpl.java:62)&#xd;&#xa;&#x9;at sun.reflect.DelegatingConstructorAccessorImpl.newInstance(DelegatingConstructorAccessorImpl.java:45)&#xd;&#xa;&#x9;at java.lang.reflect.Constructor.newInstance(Constructor.java:422)&#xd;&#xa;&#x9;at junit.framework.TestSuite.createTest(TestSuite.java:61)&#xd;&#xa;&#x9;at junit.framework.TestSuite.addTestMethod(TestSuite.java:283)&#xd;&#xa;&#x9;at junit.framework.TestSuite.&lt;init&gt;(TestSuite.java:146)&#xd;&#xa;&#x9;at org.apache.tools.ant.taskdefs.optional.junit.JUnitTestRunner.run(JUnitTestRunner.java:500)&#xd;&#xa;&#x9;at org.apache.tools.ant.taskdefs.optional.junit.JUnitTestRunner.launch(JUnitTestRunner.java:1182)&#xd;&#xa;&#x9;at org.apache.tools.ant.taskdefs.optional.junit.JUnitTestRunner.main(JUnitTestRunner.java:1033)&#xd;&#xa;)" type="junit.framework.AssertionFailedError">junit.framework.AssertionFailedError: Exception in constructor: testDummy (java.lang.NoClassDefFoundError: Could not initialize class com.ibatis.jpetstore.persistence.PersistenceFixture
	at com.ibatis.jpetstore.persistence.BasePersistenceTest.&lt;init&gt;(BasePersistenceTest.java:7)
	at com.ibatis.jpetstore.persistence.ProductDaoTest.&lt;init&gt;(ProductDaoTest.java:5)
	at java.lang.reflect.Constructor.newInstance(Constructor.java:422)
)
</failure>
  </testcase>
  <system-out><![CDATA[]]></system-out>
  <system-err><![CDATA[]]></system-err>
</testsuite>
